== Info:   Trying 80.158.2.81...
== Info: TCP_NODELAY set
== Info: Connected to nrt.cmems-du.eu (80.158.2.81) port 443 (#0)
== Info: ALPN, offering h2
== Info: ALPN, offering http/1.1
== Info: successfully set certificate verify locations:
== Info:   CAfile: /etc/ssl/cert.pem
  CApath: none
== Info: TLSv1.2 (OUT), TLS handshake, Client hello (1):
=> Send SSL data, 229 bytes (0xe5)
0000: ......u.V.-.#.c...x.Qv.pf..N..^.y;C[....\.0.,.(.$.......k.9.....
0040: ............=.5...../.+.'.#.......g.3...E...<./...A.............
0080: ........\.........nrt.cmems-du.eu...............................
00c0: ..........................h2.http/1.1
== Info: TLSv1.2 (IN), TLS handshake, Server hello (2):
<= Recv SSL data, 85 bytes (0x55)
0000: ...Q.."...../.4...Ma....._$..D..
0022: ..BG ......a.\.Q<d..F4.b..>..I.v..G.j./............
== Info: TLSv1.2 (IN), TLS handshake, Certificate (11):
<= Recv SSL data, 3772 bytes (0xebc)
0000: .........j0..f0..N..........!..V.4..U..,.0...*.H........0^1.0...
0040: U....US1.0...U....DigiCert Inc1.0...U....www.digicert.com1.0...U
0080: ....GeoTrust RSA CA 20180...220202000000Z..230305235959Z0]1.0...
00c0: U....IT1.0...U....Liguria1.0...U....Genova1.0...U....Ett S.P.A.1
0100: .0...U....*.cmems-du.eu0.."0...*.H.............0.........$L....M
0140: ".,mY?8.+.....X.....sx ..W{...|.=.....K.....Lj.........;".....L.
0180: `M..e..w......<."cT.....dOr.x...u....p...d..&Z.f8.A.gXB_3..`v...
01c0: 5...525I...%...XL..y..........$.8.|...S,,....;...V.u....!.6.....
0200: ......Ze......-bq...g..'0..k.C..V.u4*h.y.a..T....2&.]...........
0240: .0...0...U.#..0....X...u.QTw....C.8.l.0...U...........:.}%Z.M.R.
0280: +....0%..U....0...*.cmems-du.eu..cmems-du.eu0...U...........0...
02c0: U.%..0...+.........+.......0>..U...70503.1./.-http://cdp.geotrus
0300: t.com/GeoTrustRSACA2018.crl0>..U. .70503..g.....0)0'..+.........
0340: http://www.digicert.com/CPS0u..+........i0g0&..+.....0...http://
0380: status.geotrust.com0=..+.....0..1http://cacerts.geotrust.com/Geo
03c0: TrustRSACA2018.crt0...U.......0.0..|..+.....y......l...h.f.u..>.
0400: .>..52.W(..k......k..i.w}m..n...~.nA......F0D. J.V.eS......gs.T"
0440: .&.R.....C*.?.. .Q..B1..4...R...~.7...........}..v.5.....lW...L
0480: mB...' &Q.?.*....;.L...~.n@......G0E. Y}.J.<......'.....U~O../..
04c0: ..q.V..!..V...U...7|F.p....N.X.ko...0.3...u..sw...P.c.......Jy-.
0500: g.......y6.....~.nA,.....F0D. s.......(....pJ2.."....[.......7. 
0540: .D1ne.k.0.C@..;`..:. ....)g(...?0...*.H.............5..E.~.....t
0580: .o..........z..m...;.C.Z.....3.;.?...(..#..A....}..E...kH.ym...
05c0: ...l.....{0.....s.{m..e..{..u...|....N.4(....k6....."......t..k.
0600: ....p......q.}.LC...4.E..G....].......8..F._.......#.oi..Yh..3..
0640: .....9.y!u.U...*mw......._t;-.y..C....)...o...i.Aq.l...0...0....
0680: .......;.V.BF..uj.Y..J0...*.H........0a1.0...U....US1.0...U....D
06c0: igiCert Inc1.0...U....www.digicert.com1 0...U....DigiCert Global
0700:  Root CA0...061110000000Z..311110000000Z0a1.0...U....US1.0...U..
0740: ..DigiCert Inc1.0...U....www.digicert.com1 0...U....DigiCert Glo
0780: bal Root CA0.."0...*.H.............0.........;..r.....W.P...w...
07c0: .....[.. ....N0.S.C.i.W..."...@..........;qF..f...v'..{...}..H..
0800: ...z.9.eJ].......(.tzx.Y.hn\#2K.N..Zm.p.w........D.X2.u.....G.
0840: 'j..3.I.`.._.:....JL}>.O_lv^.K7...".m....j.....d..[).2......B...
0880: A2.........X?...I(.p.1......L.N...J=^.....'......c0a0...U......
08c0: .....0...U.......0....0...U........P5V.L.f........=.U0...U.#..0.
0900: ....P5V.L.f........=.U0...*.H...............7.H.....D.OR......yy
0940: ..$..K+..-.......X..m.zt..)....p...L.....p........c...`....[....
0980: .S..c.?...f.bf..nA..-..wJ..X.+Y.@#.-(.E>yT.&...H.7...y`......n.D
09c0: .8/I..E>*.6S.:P.....WIla!....x<,:.k..........8l..l..d.w%W0..$...
0a00: ..G|..$..0.-...E.P............4_..<.....m....0...0..s........F..
0a40: #.........as0...*.H........0a1.0...U....US1.0...U....DigiCert In
0a80: c1.0...U....www.digicert.com1 0...U....DigiCert Global Root CA0.
0ac0: ..171106122345Z..271106122345Z0^1.0...U....US1.0...U....DigiCert
0b00:  Inc1.0...U....www.digicert.com1.0...U....GeoTrust RSA CA 20180.
0b40: ."0...*.H.............0...........cM....]..<.....7...1?.ET@!...
0b80: ...#J.....c?....(..."..MTA..B.3.....R..4.....2.@..Y.3.....hl...
0bc0: s.&.w..?92..Y(.....;...i..k.X.r.[.f...t.-SCb.=..L.....P0...2^\\.
0c00: .u J...u-.-}|...|u.N@.....Z....5.*..ZZl.,....xG&yz."...q.....S.y
0c40: ..d...c.M.8...W]..%Z.].0. S.l..........@0..<0...U.......X...u.QT
0c80: w....C.8.l.0...U.#..0.....P5V.L.f........=.U0...U...........0...
0cc0: U.%..0...+.........+.......0...U.......0.......04..+........(0&0
0d00: $..+.....0...http://ocsp.digicert.com0B..U...;0907.5.3.1http://c
0d40: rl3.digicert.com/DigiCertGlobalRootCA.crl0=..U. .60402..U. .0*0(
0d80: ..+.........https://www.digicert.com/CPS0...*.H.............0..U
0dc0: =....^j.|...,....].w...V...*U-E..*?.[.......%........N.....R....
0e00: .)....s4.g.U."..0...?....=.G...>O..?{...Ql..`0....o.E.7..~..Y!.
0e40: 2g...KI?;..,.......#......g.....g.).....>.\s...9s....6w.)h...;..
0e80: .s.....h"...k..^S...v.u...%..S......0.g.....x.@....SCB;...w.
== Info: TLSv1.2 (IN), TLS handshake, Server finished (14):
<= Recv SSL data, 4 bytes (0x4)
0000: ....
== Info: TLSv1.2 (OUT), TLS handshake, Client key exchange (16):
=> Send SSL data, 262 bytes (0x106)
0000: ......u....;r..XtTH\..~..A.BI<..2k..w#....l.j._G.X0......l....O.
0040: N.....5.OY.n..Vb./z.T.6..j..";..(..D.>........h....A...!C..J.4..
0080: ...<tw.A......N..........,."ZT...q.ZwPW.....lO.K9:..)%........H.
00c0: ..e.......@.....W..e..F"BcS.#...].j}...Y.%.......g...... .A....R
0100: S_.?..
== Info: TLSv1.2 (OUT), TLS change cipher, Change cipher spec (1):
=> Send SSL data, 1 bytes (0x1)
0000: .
== Info: TLSv1.2 (OUT), TLS handshake, Finished (20):
=> Send SSL data, 16 bytes (0x10)
0000: .......e.......e
== Info: TLSv1.2 (IN), TLS change cipher, Change cipher spec (1):
<= Recv SSL data, 1 bytes (0x1)
0000: .
== Info: TLSv1.2 (IN), TLS handshake, Finished (20):
<= Recv SSL data, 16 bytes (0x10)
0000: .....5B,.;.D.s..
== Info: SSL connection using TLSv1.2 / AES128-SHA
== Info: ALPN, server did not agree to a protocol
== Info: Server certificate:
== Info:  subject: C=IT; ST=Liguria; L=Genova; O=Ett S.P.A.; CN=*.cmems-du.eu
== Info:  start date: Feb  2 00:00:00 2022 GMT
== Info:  expire date: Mar  5 23:59:59 2023 GMT
== Info:  subjectAltName: host "nrt.cmems-du.eu" matched cert's "*.cmems-du.eu"
== Info:  issuer: C=US; O=DigiCert Inc; OU=www.digicert.com; CN=GeoTrust RSA CA 2018
== Info:  SSL certificate verify ok.
=> Send header, 343 bytes (0x157)
0000: GET /thredds/ncss/global-analysis-forecast-phy-001-024?var=so&lo
0040: ngitude=-7.42&latitude=55.3&vertCoord=0.5&disableProjSubset=off&
0080: horizStride=1&time_start=2022-10-01T03:00:00Z&time_end=2022-11-0
00c0: 3T00:00:00Z&accept=csv HTTP/1.1
00e1: Host: nrt.cmems-du.eu
00f8: User-Agent: curl/7.64.1
0111: Accept: */*
011e: Cookie: MOD_AUTH_CAS=d4aa9d6dba12a0dd02df26043327cbb6
0155: 
<= Recv header, 15 bytes (0xf)
0000: HTTP/1.1 200 
<= Recv header, 37 bytes (0x25)
0000: Date: Fri, 28 Oct 2022 02:21:21 GMT
<= Recv header, 16 bytes (0x10)
0000: Server: Apache
<= Recv header, 32 bytes (0x20)
0000: Access-Control-Allow-Origin: *
<= Recv header, 40 bytes (0x28)
0000: Content-Type: text/plain;charset=UTF-8
<= Recv header, 14 bytes (0xe)
0000: Vary: Origin
<= Recv header, 28 bytes (0x1c)
0000: Transfer-Encoding: chunked
<= Recv header, 2 bytes (0x2)
0000: 
<= Recv data, 2095 bytes (0x82f)
0000: 823
0005: time,latitude[unit="degrees_north"],longitude[unit="degrees_east
0045: "],vertCoord[unit="m"],so[unit="1e-3"].2022-10-01T12:00:00Z,55.3
0085: ,-7.42,0.49402499198913574,22789.0.2022-10-02T12:00:00Z,55.3,-7.
00c5: 42,0.49402499198913574,22904.0.2022-10-03T12:00:00Z,55.3,-7.42,0
0105: .49402499198913574,22930.0.2022-10-04T12:00:00Z,55.3,-7.42,0.494
0145: 02499198913574,22909.0.2022-10-05T12:00:00Z,55.3,-7.42,0.4940249
0185: 9198913574,22881.0.2022-10-06T12:00:00Z,55.3,-7.42,0.49402499198
01c5: 913574,22930.0.2022-10-07T12:00:00Z,55.3,-7.42,0.494024991989135
0205: 74,22912.0.2022-10-08T12:00:00Z,55.3,-7.42,0.49402499198913574,2
0245: 2908.0.2022-10-09T12:00:00Z,55.3,-7.42,0.49402499198913574,22899
0285: .0.2022-10-10T12:00:00Z,55.3,-7.42,0.49402499198913574,22897.0.2
02c5: 022-10-11T12:00:00Z,55.3,-7.42,0.49402499198913574,22904.0.2022-
0305: 10-12T12:00:00Z,55.3,-7.42,0.49402499198913574,22905.0.2022-10-1
0345: 3T12:00:00Z,55.3,-7.42,0.49402499198913574,22907.0.2022-10-14T12
0385: :00:00Z,55.3,-7.42,0.49402499198913574,22906.0.2022-10-15T12:00:
03c5: 00Z,55.3,-7.42,0.49402499198913574,22903.0.2022-10-16T12:00:00Z,
0405: 55.3,-7.42,0.49402499198913574,22902.0.2022-10-17T12:00:00Z,55.3
0445: ,-7.42,0.49402499198913574,22898.0.2022-10-18T12:00:00Z,55.3,-7.
0485: 42,0.49402499198913574,22900.0.2022-10-19T12:00:00Z,55.3,-7.42,0
04c5: .49402499198913574,22902.0.2022-10-20T12:00:00Z,55.3,-7.42,0.494
0505: 02499198913574,22900.0.2022-10-21T12:00:00Z,55.3,-7.42,0.4940249
0545: 9198913574,22899.0.2022-10-22T12:00:00Z,55.3,-7.42,0.49402499198
0585: 913574,22856.0.2022-10-23T12:00:00Z,55.3,-7.42,0.494024991989135
05c5: 74,22816.0.2022-10-24T12:00:00Z,55.3,-7.42,0.49402499198913574,2
0605: 2852.0.2022-10-25T12:00:00Z,55.3,-7.42,0.49402499198913574,22871
0645: .0.2022-10-26T12:00:00Z,55.3,-7.42,0.49402499198913574,22875.0.2
0685: 022-10-27T12:00:00Z,55.3,-7.42,0.49402499198913574,22885.0.2022-
06c5: 10-28T12:00:00Z,55.3,-7.42,0.49402499198913574,22803.0.2022-10-2
0705: 9T12:00:00Z,55.3,-7.42,0.49402499198913574,22843.0.2022-10-30T12
0745: :00:00Z,55.3,-7.42,0.49402499198913574,22848.0.2022-10-31T12:00:
0785: 00Z,55.3,-7.42,0.49402499198913574,22838.0.2022-11-01T12:00:00Z,
07c5: 55.3,-7.42,0.49402499198913574,22842.0.2022-11-02T12:00:00Z,55.3
0805: ,-7.42,0.49402499198913574,22841.0.
082a: 0
082d: 
== Info: Connection #0 to host nrt.cmems-du.eu left intact
